{
  "stats": {
    "suites": 0,
    "tests": 2,
    "passes": 2,
    "pending": 0,
    "failures": 0,
    "start": "2023-02-26T04:13:42.237Z",
    "end": "2023-02-26T04:13:50.808Z",
    "duration": 8571,
    "testsRegistered": 2,
    "passPercent": 100,
    "pendingPercent": 0,
    "other": 0,
    "hasOther": false,
    "skipped": 0,
    "hasSkipped": false
  },
  "results": [
    {
      "uuid": "0eadaeea-953f-489c-8f07-a329a4bd6059",
      "title": "",
      "fullFile": "cypress/integration/addchart.ts",
      "file": "cypress/integration/addchart.ts",
      "beforeHooks": [],
      "afterHooks": [],
      "tests": [
        {
          "title": "Test add Product",
          "fullTitle": "Test add Product",
          "timedOut": null,
          "duration": 3226,
          "state": "passed",
          "speed": "fast",
          "pass": true,
          "fail": false,
          "pending": false,
          "context": null,
          "code": "loginPage.login(URL, 'standard_user', 'secret_sauce');\nloginPage.assertLogin();\ndashboardPage.sauceLabsBackpack();\ndashboardPage.clickBackToProducts();\ndashboardPage.sauceLabsOnisie();\nchartPage.clickCart();\nchartPage.assertBacpackAndOnesie();",
          "err": {},
          "uuid": "8f57d60d-696c-49dd-adeb-a74b9db5d990",
          "parentUUID": "0eadaeea-953f-489c-8f07-a329a4bd6059",
          "isHook": false,
          "skipped": false
        },
        {
          "title": "Test Remove Product",
          "fullTitle": "Test Remove Product",
          "timedOut": null,
          "duration": 2807,
          "state": "passed",
          "speed": "fast",
          "pass": true,
          "fail": false,
          "pending": false,
          "context": null,
          "code": "loginPage.login(URL, 'standard_user', 'secret_sauce');\ndashboardPage.sauceLabsBackpack();\ndashboardPage.clickBackToProducts();\ndashboardPage.sauceLabsOnisie();\nchartPage.clickCart();\nchartPage.assertBacpackAndOnesie();\nchartPage.removeBackpakandOnisie();",
          "err": {},
          "uuid": "c44d1c7b-c144-474c-a527-6a3bcc9dedbf",
          "parentUUID": "0eadaeea-953f-489c-8f07-a329a4bd6059",
          "isHook": false,
          "skipped": false
        }
      ],
      "suites": [],
      "passes": [
        "8f57d60d-696c-49dd-adeb-a74b9db5d990",
        "c44d1c7b-c144-474c-a527-6a3bcc9dedbf"
      ],
      "failures": [],
      "pending": [],
      "skipped": [],
      "duration": 6033,
      "root": true,
      "rootEmpty": false,
      "_timeout": 2000
    }
  ],
  "meta": {
    "mocha": {
      "version": "7.0.1"
    },
    "mochawesome": {
      "options": {
        "quiet": false,
        "reportFilename": "mochawesome",
        "saveHtml": false,
        "saveJson": true,
        "consoleReporter": "spec",
        "useInlineDiffs": false,
        "code": true
      },
      "version": "7.1.3"
    },
    "marge": {
      "options": {
        "chart": true,
        "overwrite": false,
        "html": false,
        "json": true,
        "reportDir": "cypress/reports"
      },
      "version": "6.2.0"
    }
  }
}