{
  "stats": {
    "suites": 0,
    "tests": 3,
    "passes": 2,
    "pending": 0,
    "failures": 1,
    "start": "2023-02-26T03:49:48.229Z",
    "end": "2023-02-26T03:50:11.422Z",
    "duration": 23193,
    "testsRegistered": 3,
    "passPercent": 66.66666666666666,
    "pendingPercent": 0,
    "other": 0,
    "hasOther": false,
    "skipped": 0,
    "hasSkipped": false
  },
  "results": [
    {
      "uuid": "78f5feb2-4d27-4126-bfda-6c512715b16a",
      "title": "",
      "fullFile": "cypress/integration/login.ts",
      "file": "cypress/integration/login.ts",
      "beforeHooks": [],
      "afterHooks": [],
      "tests": [
        {
          "title": "Test LOGIN",
          "fullTitle": "Test LOGIN",
          "timedOut": null,
          "duration": 1378,
          "state": "passed",
          "speed": "fast",
          "pass": true,
          "fail": false,
          "pending": false,
          "context": null,
          "code": "loginPage.login(URL, 'standard_user', 'secret_sauce');\nloginPage.assertLogin();",
          "err": {},
          "uuid": "229ba1b9-868a-4f22-9879-62f9d051f356",
          "parentUUID": "78f5feb2-4d27-4126-bfda-6c512715b16a",
          "isHook": false,
          "skipped": false
        },
        {
          "title": "Test Sauce Demo Invalid Password",
          "fullTitle": "Test Sauce Demo Invalid Password",
          "timedOut": null,
          "duration": 1243,
          "state": "passed",
          "speed": "fast",
          "pass": true,
          "fail": false,
          "pending": false,
          "context": null,
          "code": "loginPage.login(URL, 'standard_user', 'invalidPass');\nloginPage.assertLoginFail();",
          "err": {},
          "uuid": "7c0af716-4027-4390-8457-a98cc87c62fa",
          "parentUUID": "78f5feb2-4d27-4126-bfda-6c512715b16a",
          "isHook": false,
          "skipped": false
        },
        {
          "title": "Test Sauce Demo Sauce labs product backpack",
          "fullTitle": "Test Sauce Demo Sauce labs product backpack",
          "timedOut": null,
          "duration": 18805,
          "state": "failed",
          "speed": null,
          "pass": false,
          "fail": true,
          "pending": false,
          "context": null,
          "code": "loginPage.login(URL, 'standard_user', 'secret_sauce');\nloginPage.assertLogin();\ndashboardPage.sauceLabsBackpack();",
          "err": {
            "message": "AssertionError: Timed out retrying after 4000ms: Expected to find element: `#add-to-cart-sauce-labs-backpak`, but never found it.",
            "estack": "AssertionError: Timed out retrying after 4000ms: Expected to find element: `#add-to-cart-sauce-labs-backpak`, but never found it.\n    at DashboardPage.sauceLabsBackpack (https://www.saucedemo.com/__cypress/tests?p=cypress\\integration\\login.ts:144:12)\n    at Context.eval (https://www.saucedemo.com/__cypress/tests?p=cypress\\integration\\login.ts:115:19)",
            "diff": null
          },
          "uuid": "536f52e0-d233-4816-a533-4fba0141907f",
          "parentUUID": "78f5feb2-4d27-4126-bfda-6c512715b16a",
          "isHook": false,
          "skipped": false
        }
      ],
      "suites": [],
      "passes": [
        "229ba1b9-868a-4f22-9879-62f9d051f356",
        "7c0af716-4027-4390-8457-a98cc87c62fa"
      ],
      "failures": [
        "536f52e0-d233-4816-a533-4fba0141907f"
      ],
      "pending": [],
      "skipped": [],
      "duration": 21426,
      "root": true,
      "rootEmpty": false,
      "_timeout": 2000
    }
  ],
  "meta": {
    "mocha": {
      "version": "7.0.1"
    },
    "mochawesome": {
      "options": {
        "quiet": false,
        "reportFilename": "mochawesome",
        "saveHtml": false,
        "saveJson": true,
        "consoleReporter": "spec",
        "useInlineDiffs": false,
        "code": true
      },
      "version": "7.1.3"
    },
    "marge": {
      "options": {
        "chart": true,
        "overwrite": false,
        "html": false,
        "json": true,
        "reportDir": "cypress/reports"
      },
      "version": "6.2.0"
    }
  }
}