{
  "stats": {
    "suites": 0,
    "tests": 2,
    "passes": 1,
    "pending": 0,
    "failures": 1,
    "start": "2023-02-26T04:06:31.502Z",
    "end": "2023-02-26T04:07:01.067Z",
    "duration": 29565,
    "testsRegistered": 2,
    "passPercent": 50,
    "pendingPercent": 0,
    "other": 0,
    "hasOther": false,
    "skipped": 0,
    "hasSkipped": false
  },
  "results": [
    {
      "uuid": "fbd939e5-3bf6-41c7-8e8c-8503dd1f1b48",
      "title": "",
      "fullFile": "cypress/integration/addchart.ts",
      "file": "cypress/integration/addchart.ts",
      "beforeHooks": [],
      "afterHooks": [],
      "tests": [
        {
          "title": "Test add Product",
          "fullTitle": "Test add Product",
          "timedOut": null,
          "duration": 23574,
          "state": "failed",
          "speed": null,
          "pass": false,
          "fail": true,
          "pending": false,
          "context": null,
          "code": "loginPage.login(URL, 'standard_user', 'secret_sauce');\nloginPage.assertLogin();\ndashboardPage.sauceLabsBackpack();\ndashboardPage.clickBackToProducts();\ndashboardPage.sauceLabsBackpack();\nchartPage.clickCart();\nchartPage.assertBacpackAndOnesie();",
          "err": {
            "message": "AssertionError: Timed out retrying after 4000ms: Expected to find element: `#add-to-cart-sauce-labs-backpack`, but never found it.",
            "estack": "AssertionError: Timed out retrying after 4000ms: Expected to find element: `#add-to-cart-sauce-labs-backpack`, but never found it.\n    at DashboardPage.sauceLabsBackpack (https://www.saucedemo.com/__cypress/tests?p=cypress\\integration\\addchart.ts:197:12)\n    at Context.eval (https://www.saucedemo.com/__cypress/tests?p=cypress\\integration\\addchart.ts:112:19)",
            "diff": null
          },
          "uuid": "7e5774e8-db55-44ab-8b55-2aa6d2a01087",
          "parentUUID": "fbd939e5-3bf6-41c7-8e8c-8503dd1f1b48",
          "isHook": false,
          "skipped": false
        },
        {
          "title": "Test Remove Product",
          "fullTitle": "Test Remove Product",
          "timedOut": null,
          "duration": 2691,
          "state": "passed",
          "speed": "fast",
          "pass": true,
          "fail": false,
          "pending": false,
          "context": null,
          "code": "loginPage.login(URL, 'standard_user', 'secret_sauce');\ndashboardPage.sauceLabsBackpack();\ndashboardPage.clickBackToProducts();\ndashboardPage.sauceLabsOnisie();\nchartPage.clickCart();\nchartPage.assertBacpackAndOnesie();\nchartPage.removeBackpakandOnisie();",
          "err": {},
          "uuid": "77e89ddd-60b8-494b-8d3f-aea46ff81472",
          "parentUUID": "fbd939e5-3bf6-41c7-8e8c-8503dd1f1b48",
          "isHook": false,
          "skipped": false
        }
      ],
      "suites": [],
      "passes": [
        "77e89ddd-60b8-494b-8d3f-aea46ff81472"
      ],
      "failures": [
        "7e5774e8-db55-44ab-8b55-2aa6d2a01087"
      ],
      "pending": [],
      "skipped": [],
      "duration": 26265,
      "root": true,
      "rootEmpty": false,
      "_timeout": 2000
    }
  ],
  "meta": {
    "mocha": {
      "version": "7.0.1"
    },
    "mochawesome": {
      "options": {
        "quiet": false,
        "reportFilename": "mochawesome",
        "saveHtml": false,
        "saveJson": true,
        "consoleReporter": "spec",
        "useInlineDiffs": false,
        "code": true
      },
      "version": "7.1.3"
    },
    "marge": {
      "options": {
        "chart": true,
        "overwrite": false,
        "html": false,
        "json": true,
        "reportDir": "cypress/reports"
      },
      "version": "6.2.0"
    }
  }
}