{
  "stats": {
    "suites": 0,
    "tests": 2,
    "passes": 0,
    "pending": 0,
    "failures": 2,
    "start": "2023-02-26T03:49:03.773Z",
    "end": "2023-02-26T03:49:33.763Z",
    "duration": 29990,
    "testsRegistered": 2,
    "passPercent": 0,
    "pendingPercent": 0,
    "other": 0,
    "hasOther": false,
    "skipped": 0,
    "hasSkipped": false
  },
  "results": [
    {
      "uuid": "869a80ca-b029-49a6-8ed0-368f2a904fa5",
      "title": "",
      "fullFile": "cypress/integration/addchart.ts",
      "file": "cypress/integration/addchart.ts",
      "beforeHooks": [],
      "afterHooks": [],
      "tests": [
        {
          "title": "Test add",
          "fullTitle": "Test add",
          "timedOut": null,
          "duration": 18996,
          "state": "failed",
          "speed": null,
          "pass": false,
          "fail": true,
          "pending": false,
          "context": null,
          "code": "loginPage.login(URL, 'standard_user', 'secret_sauce');\nloginPage.assertLogin();\ndashboardPage.sauceLabsBackpack();\ndashboardPage.clickBackToProducts();\ndashboardPage.sauceLabsBackpack();\nchartPage.clickCart();\nchartPage.assertBacpackAndOnesie();",
          "err": {
            "message": "AssertionError: Timed out retrying after 4000ms: Expected to find element: `#add-to-cart-sauce-labs-backpak`, but never found it.",
            "estack": "AssertionError: Timed out retrying after 4000ms: Expected to find element: `#add-to-cart-sauce-labs-backpak`, but never found it.\n    at DashboardPage.sauceLabsBackpack (https://www.saucedemo.com/__cypress/tests?p=cypress\\integration\\addchart.ts:196:12)\n    at Context.eval (https://www.saucedemo.com/__cypress/tests?p=cypress\\integration\\addchart.ts:110:19)",
            "diff": null
          },
          "uuid": "8e3a813d-c721-4045-a8e6-3aaaa9be7342",
          "parentUUID": "869a80ca-b029-49a6-8ed0-368f2a904fa5",
          "isHook": false,
          "skipped": false
        },
        {
          "title": "Test Sauce Demo Sauce labs product fleece jacket & bike light - Remove From Cart",
          "fullTitle": "Test Sauce Demo Sauce labs product fleece jacket & bike light - Remove From Cart",
          "timedOut": null,
          "duration": 7816,
          "state": "failed",
          "speed": null,
          "pass": false,
          "fail": true,
          "pending": false,
          "context": null,
          "code": "loginPage.login(URL, 'standard_user', 'secret_sauce');\ndashboardPage.sauceLabsBackpack();\ndashboardPage.clickBackToProducts();\ndashboardPage.sauceLabsOnisie();\nchartPage.clickCart();\nchartPage.assertBacpackAndOnesie();\nchartPage.removeBackpakandOnisie();",
          "err": {
            "message": "AssertionError: Timed out retrying after 4000ms: Expected to find element: `#add-to-cart-sauce-labs-backpak`, but never found it.",
            "estack": "AssertionError: Timed out retrying after 4000ms: Expected to find element: `#add-to-cart-sauce-labs-backpak`, but never found it.\n    at DashboardPage.sauceLabsBackpack (https://www.saucedemo.com/__cypress/tests?p=cypress\\integration\\addchart.ts:196:12)\n    at Context.eval (https://www.saucedemo.com/__cypress/tests?p=cypress\\integration\\addchart.ts:119:19)",
            "diff": null
          },
          "uuid": "c6811b5c-6a8e-4b72-bb5d-45a6cb1218ea",
          "parentUUID": "869a80ca-b029-49a6-8ed0-368f2a904fa5",
          "isHook": false,
          "skipped": false
        }
      ],
      "suites": [],
      "passes": [],
      "failures": [
        "8e3a813d-c721-4045-a8e6-3aaaa9be7342",
        "c6811b5c-6a8e-4b72-bb5d-45a6cb1218ea"
      ],
      "pending": [],
      "skipped": [],
      "duration": 26812,
      "root": true,
      "rootEmpty": false,
      "_timeout": 2000
    }
  ],
  "meta": {
    "mocha": {
      "version": "7.0.1"
    },
    "mochawesome": {
      "options": {
        "quiet": false,
        "reportFilename": "mochawesome",
        "saveHtml": false,
        "saveJson": true,
        "consoleReporter": "spec",
        "useInlineDiffs": false,
        "code": true
      },
      "version": "7.1.3"
    },
    "marge": {
      "options": {
        "chart": true,
        "overwrite": false,
        "html": false,
        "json": true,
        "reportDir": "cypress/reports"
      },
      "version": "6.2.0"
    }
  }
}